<?xml version="1.0" encoding="UTF-8"?>
<testsuite xmlns:xsi="http://www.w3.org/2001/XMLSchema-instance" xsi:noNamespaceSchemaLocation="https://maven.apache.org/surefire/maven-surefire-plugin/xsd/surefire-test-report.xsd" version="3.0.2" name="com.github.pankaj111.coreutils.date.DateTimeUtilsTest" time="0.239" tests="37" errors="0" skipped="0" failures="0">
  <properties>
[...]
</properties>
  <testcase name="testAddDays_ToLocalDate" classname="com.github.pankaj111.coreutils.date.DateTimeUtilsTest" time="0.033"/>
  <testcase name="testAddDays_ToDate" classname="com.github.pankaj111.coreutils.date.DateTimeUtilsTest" time="0.003"/>
  <testcase name="testToLocalDate_FromDate" classname="com.github.pankaj111.coreutils.date.DateTimeUtilsTest" time="0.002"/>
  <testcase name="testAddDays_ToLocalDateTime" classname="com.github.pankaj111.coreutils.date.DateTimeUtilsTest" time="0.001"/>
  <testcase name="testFormatDate_ValidDateAndPattern" classname="com.github.pankaj111.coreutils.date.DateTimeUtilsTest" time="0.003"/>
  <testcase name="testToDate_FromLocalDateTime" classname="com.github.pankaj111.coreutils.date.DateTimeUtilsTest" time="0.002"/>
  <testcase name="testFormatDateTime_ValidDateTime" classname="com.github.pankaj111.coreutils.date.DateTimeUtilsTest" time="0.002"/>
  <testcase name="testToLocalDateTime_FromDate" classname="com.github.pankaj111.coreutils.date.DateTimeUtilsTest" time="0.001"/>
  <testcase name="testParseISODateTimeStr_ValidString" classname="com.github.pankaj111.coreutils.date.DateTimeUtilsTest" time="0.003"/>
  <testcase name="testFormatDate_WithDateObject" classname="com.github.pankaj111.coreutils.date.DateTimeUtilsTest" time="0.002"/>
  <testcase name="testFormatDateInISO_DATE_NullDate" classname="com.github.pankaj111.coreutils.date.DateTimeUtilsTest" time="0.002"/>
  <testcase name="testDefaultTimezone" classname="com.github.pankaj111.coreutils.date.DateTimeUtilsTest" time="0.002"/>
  <testcase name="testParseToDate_ValidString" classname="com.github.pankaj111.coreutils.date.DateTimeUtilsTest" time="0.005"/>
  <testcase name="testParseToDate_NullInput" classname="com.github.pankaj111.coreutils.date.DateTimeUtilsTest" time="0.002"/>
  <testcase name="testFormatDateInISO_DATE_ValidDate" classname="com.github.pankaj111.coreutils.date.DateTimeUtilsTest" time="0.002"/>
  <testcase name="testSubtractDays_FromDate" classname="com.github.pankaj111.coreutils.date.DateTimeUtilsTest" time="0.002"/>
  <testcase name="testParseToDate_InvalidDateString" classname="com.github.pankaj111.coreutils.date.DateTimeUtilsTest" time="0.003"/>
  <testcase name="testNullSafety_LocalDateInput(LocalDate)[1]" classname="com.github.pankaj111.coreutils.date.DateTimeUtilsTest" time="0.009"/>
  <testcase name="testAddDays_WithTimezone" classname="com.github.pankaj111.coreutils.date.DateTimeUtilsTest" time="0.002"/>
  <testcase name="testNullSafety_LocalDateTimeInput(LocalDateTime)[1]" classname="com.github.pankaj111.coreutils.date.DateTimeUtilsTest" time="0.004"/>
  <testcase name="testFormatterCaching" classname="com.github.pankaj111.coreutils.date.DateTimeUtilsTest" time="0.001"/>
  <testcase name="testFormatDate_NullInput" classname="com.github.pankaj111.coreutils.date.DateTimeUtilsTest" time="0.001"/>
  <testcase name="testParseISODateStr_NullInput(String)[1]" classname="com.github.pankaj111.coreutils.date.DateTimeUtilsTest" time="0.002"/>
  <testcase name="testAddDays_Negative" classname="com.github.pankaj111.coreutils.date.DateTimeUtilsTest" time="0.001"/>
  <testcase name="testRemoveTime_FromLocalDateTime" classname="com.github.pankaj111.coreutils.date.DateTimeUtilsTest" time="0.002"/>
  <testcase name="testRemoveTime_WithTimezone" classname="com.github.pankaj111.coreutils.date.DateTimeUtilsTest" time="0.002"/>
  <testcase name="testSubtractDays_FromLocalDate" classname="com.github.pankaj111.coreutils.date.DateTimeUtilsTest" time="0.001"/>
  <testcase name="testFormatDate_InvalidPattern" classname="com.github.pankaj111.coreutils.date.DateTimeUtilsTest" time="0.001"/>
  <testcase name="testSetDefaultZoneId_Null" classname="com.github.pankaj111.coreutils.date.DateTimeUtilsTest" time="0.001"/>
  <testcase name="testNullSafety_DateInput(Date)[1]" classname="com.github.pankaj111.coreutils.date.DateTimeUtilsTest" time="0.001"/>
  <testcase name="testFormatDateTimeInISO_DATE_TIME" classname="com.github.pankaj111.coreutils.date.DateTimeUtilsTest" time="0.002"/>
  <testcase name="testRemoveTime_FromDate" classname="com.github.pankaj111.coreutils.date.DateTimeUtilsTest" time="0.001"/>
  <testcase name="testToDate_FromLocalDate" classname="com.github.pankaj111.coreutils.date.DateTimeUtilsTest" time="0.001"/>
  <testcase name="testSubtractDays_FromLocalDateTime" classname="com.github.pankaj111.coreutils.date.DateTimeUtilsTest" time="0.001"/>
  <testcase name="testSubtractDays_Negative" classname="com.github.pankaj111.coreutils.date.DateTimeUtilsTest" time="0.002"/>
  <testcase name="testConstructor" classname="com.github.pankaj111.coreutils.date.DateTimeUtilsTest" time="0.001"/>
  <testcase name="testParseISODateStr_ValidString" classname="com.github.pankaj111.coreutils.date.DateTimeUtilsTest" time="0.001"/>
</testsuite>